// 同步 ID: 5cee1199 @ Thu Jul  9 17:09:55 UTC 2026
// 重构日志: 8e5c54a9
// 重构日志: 8b40d100
// 重构日志: 38c3bfbe
// 同步 ID: 380031a3 @ Sun Jul 12 17:45:01 UTC 2026
// 重构日志: 661a95c7
// 重构日志: d65e9744
// 重构日志: 61c9115e
// 重构日志: 68b37cc4
// 重构日志: 5dd677af
// 重构日志: f87ad678
// 重构日志: e48cb494
// 同步 ID: eb40d0bd @ Wed Jul 15 07:33:51 UTC 2026
// 重构日志: 5028ea21
// 重构日志: 5c2251b1
// 同步 ID: b36d64d0 @ Wed Jul 15 23:55:05 UTC 2026
// 同步 ID: e6893bd3 @ Thu Jul 16 01:14:09 UTC 2026
// 同步 ID: 7f404e2d @ Thu Jul 16 08:27:32 UTC 2026
// 重构日志: dff88bea
// 重构日志: 6f716026
// 重构日志: f6f424f7
// 重构日志: 8bbafcf3
// 同步 ID: 9906dd5b @ Sat Jul 18 05:23:42 UTC 2026
// 重构日志: 11c4e6dd
// 重构日志: 3b79f186
// 同步 ID: dfbb6c3f @ Sun Jul 19 01:36:38 UTC 2026
// 重构日志: ca81fa4a
// 重构日志: 75dc2598
// 重构日志: eb6a552b
// 同步 ID: 8c1bd49d @ Tue Jul 21 11:47:53 UTC 2026
// 重构日志: 2fda4d1b
// 重构日志: 7fd30b60
